2023-04-18 20:45:21 INFO  Log:12 - **************************************
2023-04-18 20:45:21 INFO  Log:13 - ***************************************
2023-04-18 20:45:21 INFO  Log:14 - *******This is beginning of my Test case  ************
2023-04-18 20:45:21 INFO  Log:23 - My test case is executing right now
2023-04-18 20:45:21 INFO  Log:28 - My test case might have some trivial issues
2023-04-18 20:46:57 INFO  Log:23 - This test case is about to get completed
2023-04-18 20:46:57 INFO  Log:18 - #########################################
2023-04-18 20:46:57 INFO  Log:19 - #########################################
2023-04-18 20:46:57 INFO  Log:20 - #####################This test case is finished####################
2023-04-19 08:31:09 INFO  Log:12 - **************************************
2023-04-19 08:31:09 INFO  Log:13 - ***************************************
2023-04-19 08:31:09 INFO  Log:14 - *******This is beginning of my Test case  ************
2023-04-19 08:31:09 INFO  Log:23 - My test case is executing right now
2023-04-19 08:31:09 INFO  Log:28 - My test case might have some trivial issues
2023-04-19 08:31:15 INFO  Log:23 - This test case is about to get completed
2023-04-19 08:31:15 INFO  Log:18 - #########################################
2023-04-19 08:31:15 INFO  Log:19 - #########################################
2023-04-19 08:31:15 INFO  Log:20 - #####################This test case is finished####################
2023-04-27 14:01:54 INFO  Log:12 - **************************************
2023-04-27 14:01:54 INFO  Log:13 - ***************************************
2023-04-27 14:01:54 INFO  Log:14 - *******This is beginning of my Test case  ************
2023-04-27 14:01:54 INFO  Log:23 - My test case is executing right now
2023-04-27 14:01:54 INFO  Log:28 - My test case might have some trivial issues
2023-04-27 14:02:03 INFO  Log:23 - This test case is about to get completed
2023-04-27 14:02:03 INFO  Log:18 - #########################################
2023-04-27 14:02:03 INFO  Log:19 - #########################################
2023-04-27 14:02:03 INFO  Log:20 - #####################This test case is finished####################
2023-04-28 00:12:50 INFO  Log:12 - **************************************
2023-04-28 00:12:50 INFO  Log:13 - ***************************************
2023-04-28 00:12:50 INFO  Log:14 - *******This is beginning of my Test case  ************
2023-04-28 00:12:50 INFO  Log:23 - My test case is executing right now
2023-04-28 00:12:50 INFO  Log:28 - My test case might have some trivial issues
2023-04-28 00:13:01 INFO  Log:23 - This test case is about to get completed
2023-04-28 00:13:01 INFO  Log:18 - #########################################
2023-04-28 00:13:01 INFO  Log:19 - #########################################
2023-04-28 00:13:01 INFO  Log:20 - #####################This test case is finished####################
2023-05-13 12:42:05 INFO  Log:12 - **************************************
2023-05-13 12:42:05 INFO  Log:13 - ***************************************
2023-05-13 12:42:05 INFO  Log:14 - *******This is beginning of my Test case  ************
2023-05-13 12:42:05 INFO  Log:23 - My test case is executing right now
2023-05-13 12:42:05 INFO  Log:28 - My test case might have some trivial issues
2023-05-13 12:42:14 INFO  Log:23 - This test case is about to get completed
2023-05-13 12:42:14 INFO  Log:18 - #########################################
2023-05-13 12:42:14 INFO  Log:19 - #########################################
2023-05-13 12:42:14 INFO  Log:20 - #####################This test case is finished####################
2023-05-27 10:22:32 INFO  Log:12 - **************************************
2023-05-27 10:22:32 INFO  Log:13 - ***************************************
2023-05-27 10:22:32 INFO  Log:14 - *******This is beginning of my Test case  ************
2023-05-27 10:22:32 INFO  Log:23 - My test case is executing right now
2023-05-27 10:22:32 INFO  Log:28 - My test case might have some trivial issues
2023-05-27 10:22:34 INFO  Log:23 - This test case is about to get completed
2023-05-27 10:22:34 INFO  Log:18 - #########################################
2023-05-27 10:22:34 INFO  Log:19 - #########################################
2023-05-27 10:22:34 INFO  Log:20 - #####################This test case is finished####################
2023-05-30 21:32:28 INFO  Log:12 - **************************************
2023-05-30 21:32:28 INFO  Log:13 - ***************************************
2023-05-30 21:32:28 INFO  Log:14 - *******This is beginning of my Test case  ************
2023-05-30 21:32:28 INFO  Log:23 - My test case is executing right now
2023-05-30 21:32:28 INFO  Log:28 - My test case might have some trivial issues
2023-05-30 21:35:28 INFO  Log:12 - **************************************
2023-05-30 21:35:28 INFO  Log:13 - ***************************************
2023-05-30 21:35:28 INFO  Log:14 - *******This is beginning of my Test case  ************
2023-05-30 21:35:28 INFO  Log:23 - My test case is executing right now
2023-05-30 21:35:28 INFO  Log:28 - My test case might have some trivial issues
2023-05-30 21:35:53 INFO  Log:23 - This test case is about to get completed
2023-05-30 21:35:53 INFO  Log:18 - #########################################
2023-05-30 21:35:53 INFO  Log:19 - #########################################
2023-05-30 21:35:53 INFO  Log:20 - #####################This test case is finished####################
